<?xml version="1.0" encoding="UTF-8"?>
<!-- Generated by org.testng.reporters.JUnitReportReporter -->
<testsuite hostname="LAPTOP-B8G85UAF" failures="0" tests="3" name="practice.DataProviderTest" time="0.009" errors="0" timestamp="2023-05-24T09:58:34 IST" skipped="0">
  <testcase classname="practice.DataProviderTest" name="getData" time="0.001"/>
  <system-out/>
  <testcase classname="practice.DataProviderTest" name="getData" time="0.001"/>
  <system-out/>
  <testcase classname="practice.DataProviderTest" name="getData" time="0.007"/>
  <system-out/>
</testsuite> <!-- practice.DataProviderTest -->
