<?xml version="1.0" encoding="UTF-8"?>
<!-- Generated by org.testng.reporters.JUnitReportReporter -->
<testsuite hostname="LAPTOP-B8G85UAF" failures="0" tests="4" name="dataprovider_Third.Dataprovider_fetchdata_fromOutsideTest" time="0.011" errors="0" timestamp="2023-05-23T18:12:01 IST" skipped="0">
  <testcase classname="dataprovider_Third.Dataprovider_fetchdata_fromOutsideTest" name="getData" time="0.002"/>
  <system-out/>
  <testcase classname="dataprovider_Third.Dataprovider_fetchdata_fromOutsideTest" name="getData" time="0.007"/>
  <system-out/>
  <testcase classname="dataprovider_Third.Dataprovider_fetchdata_fromOutsideTest" name="getData" time="0.001"/>
  <system-out/>
  <testcase classname="dataprovider_Third.Dataprovider_fetchdata_fromOutsideTest" name="getData" time="0.001"/>
  <system-out/>
</testsuite> <!-- dataprovider_Third.Dataprovider_fetchdata_fromOutsideTest -->
