<?xml version="1.0" encoding="UTF-8"?>
<!-- Generated by org.testng.reporters.JUnitReportReporter -->
<testsuite hostname="LAPTOP-B8G85UAF" failures="0" tests="4" name="dataProvider_Second.Dataprovider_InsideclassTest" time="0.010" errors="0" timestamp="2023-05-23T18:05:23 IST" skipped="0">
  <testcase classname="dataProvider_Second.Dataprovider_InsideclassTest" name="getData" time="0.001"/>
  <system-out/>
  <testcase classname="dataProvider_Second.Dataprovider_InsideclassTest" name="getData" time="0.001"/>
  <system-out/>
  <testcase classname="dataProvider_Second.Dataprovider_InsideclassTest" name="getData" time="0.001"/>
  <system-out/>
  <testcase classname="dataProvider_Second.Dataprovider_InsideclassTest" name="getData" time="0.007"/>
  <system-out/>
</testsuite> <!-- dataProvider_Second.Dataprovider_InsideclassTest -->
