<?xml version="1.0" encoding="UTF-8"?>
<!-- Generated by org.testng.reporters.JUnitReportReporter -->
<testsuite hostname="LAPTOP-B8G85UAF" failures="0" tests="4" name="dataProvider_Second.Dataprovider_fetch_outsideTest" time="0.009" errors="0" timestamp="2023-05-23T18:07:21 IST" skipped="0">
  <testcase classname="dataProvider_Second.Dataprovider_fetch_outsideTest" name="getData" time="0.000"/>
  <system-out/>
  <testcase classname="dataProvider_Second.Dataprovider_fetch_outsideTest" name="getData" time="0.006"/>
  <system-out/>
  <testcase classname="dataProvider_Second.Dataprovider_fetch_outsideTest" name="getData" time="0.002"/>
  <system-out/>
  <testcase classname="dataProvider_Second.Dataprovider_fetch_outsideTest" name="getData" time="0.001"/>
  <system-out/>
</testsuite> <!-- dataProvider_Second.Dataprovider_fetch_outsideTest -->
