<?xml version="1.0" encoding="UTF-8"?>
<!-- Generated by org.testng.reporters.JUnitReportReporter -->
<testsuite hostname="LAPTOP-B8G85UAF" failures="0" tests="4" name="dataprovider_Third.DataProvider_insideClassTest" time="0.007" errors="0" timestamp="2023-05-23T18:10:23 IST" skipped="0">
  <testcase classname="dataprovider_Third.DataProvider_insideClassTest" name="getData" time="0.001"/>
  <system-out/>
  <testcase classname="dataprovider_Third.DataProvider_insideClassTest" name="getData" time="0.006"/>
  <system-out/>
  <testcase classname="dataprovider_Third.DataProvider_insideClassTest" name="getData" time="0.000"/>
  <system-out/>
  <testcase classname="dataprovider_Third.DataProvider_insideClassTest" name="getData" time="0.000"/>
  <system-out/>
</testsuite> <!-- dataprovider_Third.DataProvider_insideClassTest -->
