<?xml version="1.0" encoding="UTF-8"?>
<!-- Generated by org.testng.reporters.JUnitReportReporter -->
<testsuite hostname="LAPTOP-B8G85UAF" failures="0" tests="1" name="com.realstate.twinlightAdmin.Admin_register_complaintTest" time="3.017" errors="0" timestamp="2023-05-31T10:07:53 IST" skipped="0">
  <testcase classname="com.realstate.twinlightAdmin.Admin_register_complaintTest" name="AdminFileComplaint" time="3.017"/>
  <system-out/>
</testsuite> <!-- com.realstate.twinlightAdmin.Admin_register_complaintTest -->
