<?xml version="1.0" encoding="UTF-8"?>
<!-- Generated by org.testng.reporters.JUnitReportReporter -->
<testsuite hostname="LAPTOP-B8G85UAF" failures="0" tests="5" name="practice.TestNg_Practice" time="0.019" errors="0" timestamp="2023-05-23T17:01:50 IST" skipped="0">
  <testcase classname="practice.TestNg_Practice" name="update" time="0.013"/>
  <system-out/>
  <testcase classname="practice.TestNg_Practice" name="delete" time="0.002"/>
  <system-out/>
  <testcase classname="practice.TestNg_Practice" name="create" time="0.001"/>
  <system-out/>
  <testcase classname="practice.TestNg_Practice" name="create" time="0.002"/>
  <system-out/>
  <testcase classname="practice.TestNg_Practice" name="create" time="0.001"/>
  <system-out/>
</testsuite> <!-- practice.TestNg_Practice -->
